<?xml version="1.0" encoding="UTF-8"?>
<testng-results skipped="0" failed="0" total="1" passed="1">
  <reporter-output>
  </reporter-output>
  <suite name="Default suite" duration-ms="21849" started-at="2019-06-04T06:39:24Z" finished-at="2019-06-04T06:39:46Z">
    <groups>
    </groups>
    <test name="Default test" duration-ms="21849" started-at="2019-06-04T06:39:24Z" finished-at="2019-06-04T06:39:46Z">
      <class name="extent.extentreport">
        <test-method status="PASS" signature="login()[pri:0, instance:extent.extentreport@19bb089b]" name="login" duration-ms="21817" started-at="2019-06-04T12:09:24Z" finished-at="2019-06-04T12:09:46Z">
          <reporter-output>
          </reporter-output>
        </test-method> <!-- login -->
      </class> <!-- extent.extentreport -->
    </test> <!-- Default test -->
  </suite> <!-- Default suite -->
</testng-results>
